mode: set
be9/restclean/features/users/business/usecase.go:12.57,16.2 1 1
be9/restclean/features/users/business/usecase.go:18.85,22.2 3 1
be9/restclean/features/users/business/usecase.go:24.74,25.67 1 1
be9/restclean/features/users/business/usecase.go:28.2,29.17 2 1
be9/restclean/features/users/business/usecase.go:25.67,27.3 1 1
be9/restclean/features/users/data/model.go:28.39,37.2 1 1
be9/restclean/features/users/data/model.go:39.43,41.24 2 1
be9/restclean/features/users/data/model.go:44.2,44.15 1 1
be9/restclean/features/users/data/model.go:41.24,43.3 1 1
be9/restclean/features/users/data/model.go:47.37,53.2 1 1
be9/restclean/features/users/data/mysql.go:13.50,17.2 1 1
be9/restclean/features/users/data/mysql.go:19.93,22.25 3 1
be9/restclean/features/users/data/mysql.go:25.2,25.35 1 1
be9/restclean/features/users/data/mysql.go:22.25,24.3 1 1
be9/restclean/features/users/data/mysql.go:28.84,32.25 3 1
be9/restclean/features/users/data/mysql.go:39.2,39.38 1 1
be9/restclean/features/users/data/mysql.go:32.25,34.3 1 1
be9/restclean/features/users/presentation/handler.go:18.59,22.2 1 1
be9/restclean/features/users/presentation/handler.go:24.52,31.16 6 1
be9/restclean/features/users/presentation/handler.go:36.2,39.4 1 1
be9/restclean/features/users/presentation/handler.go:31.16,35.3 1 1
be9/restclean/features/users/presentation/handler.go:42.59,44.17 2 1
be9/restclean/features/users/presentation/handler.go:50.2,55.16 6 1
be9/restclean/features/users/presentation/handler.go:60.2,63.4 1 1
be9/restclean/features/users/presentation/handler.go:44.17,48.3 1 1
be9/restclean/features/users/presentation/handler.go:55.16,59.3 1 1
be9/restclean/features/users/presentation/handler.go:66.53,69.20 3 1
be9/restclean/features/users/presentation/handler.go:74.2,76.15 3 1
be9/restclean/features/users/presentation/handler.go:82.2,82.16 1 1
be9/restclean/features/users/presentation/handler.go:88.2,90.4 1 1
be9/restclean/features/users/presentation/handler.go:69.20,73.3 1 1
be9/restclean/features/users/presentation/handler.go:76.15,80.3 1 1
be9/restclean/features/users/presentation/handler.go:82.16,86.3 1 1
